*** Reading local file: /opt/airflow/logs/marketvol/task3/2022-06-19T21:04:01.563486+00:00/1.log
[2022-06-19 21:04:09,207] {taskinstance.py:851} INFO - Dependencies all met for <TaskInstance: marketvol.task3 2022-06-19T21:04:01.563486+00:00 [queued]>
[2022-06-19 21:04:09,215] {taskinstance.py:851} INFO - Dependencies all met for <TaskInstance: marketvol.task3 2022-06-19T21:04:01.563486+00:00 [queued]>
[2022-06-19 21:04:09,215] {taskinstance.py:1042} INFO -
--------------------------------------------------------------------------------
[2022-06-19 21:04:09,215] {taskinstance.py:1043} INFO - Starting attempt 1 of 3
[2022-06-19 21:04:09,215] {taskinstance.py:1044} INFO -
--------------------------------------------------------------------------------
[2022-06-19 21:04:09,226] {taskinstance.py:1063} INFO - Executing <Task(BashOperator): task3> on 2022-06-19T21:04:01.563486+00:00
[2022-06-19 21:04:09,229] {standard_task_runner.py:52} INFO - Started process 540 to run task
[2022-06-19 21:04:09,233] {standard_task_runner.py:76} INFO - Running: ['airflow', 'tasks', 'run', 'marketvol', 'task3', '2022-06-19T21:04:01.563486+00:00', '--job-id', '5', '--pool', 'default_pool', '--raw', '--subdir', 'DAGS_FOLDER/trade_pipeline.py', '--cfg-path', '/tmp/tmpmekiyfnb', '--error-file', '/tmp/tmp39mu3bc5']
[2022-06-19 21:04:09,233] {standard_task_runner.py:77} INFO - Job 5: Subtask task3
[2022-06-19 21:04:09,257] {logging_mixin.py:104} INFO - Running <TaskInstance: marketvol.task3 2022-06-19T21:04:01.563486+00:00 [running]> on host a7b2702dc1cc
[2022-06-19 21:04:09,275] {taskinstance.py:1255} INFO - Exporting the following env vars:
AIRFLOW_CTX_DAG_OWNER=airflow
AIRFLOW_CTX_DAG_ID=marketvol
AIRFLOW_CTX_TASK_ID=task3
AIRFLOW_CTX_EXECUTION_DATE=2022-06-19T21:04:01.563486+00:00
AIRFLOW_CTX_DAG_RUN_ID=manual__2022-06-19T21:04:01.563486+00:00
[2022-06-19 21:04:09,276] {bash.py:135} INFO - Tmp dir root location:
 /tmp
[2022-06-19 21:04:09,276] {bash.py:158} INFO - Running command: mv /opt/airflow/AAPL_data.csv /tmp/data/2022-06-19
[2022-06-19 21:04:09,281] {bash.py:169} INFO - Output:
[2022-06-19 21:04:09,283] {bash.py:177} INFO - Command exited with return code 0
[2022-06-19 21:04:09,295] {taskinstance.py:1159} INFO - Marking task as SUCCESS. dag_id=marketvol, task_id=task3, execution_date=20220619T210401, start_date=20220619T210409, end_date=20220619T210409
[2022-06-19 21:04:09,310] {taskinstance.py:1220} INFO - 0 downstream tasks scheduled from follow-on schedule check
[2022-06-19 21:04:09,324] {local_task_job.py:146} INFO - Task exited with return code 0
