
*** Reading local file: /opt/airflow/logs/marketvol/task2/2022-06-19T21:04:01.563486+00:00/1.log
[2022-06-19 21:04:06,956] {taskinstance.py:851} INFO - Dependencies all met for <TaskInstance: marketvol.task2 2022-06-19T21:04:01.563486+00:00 [queued]>
[2022-06-19 21:04:06,967] {taskinstance.py:851} INFO - Dependencies all met for <TaskInstance: marketvol.task2 2022-06-19T21:04:01.563486+00:00 [queued]>
[2022-06-19 21:04:06,967] {taskinstance.py:1042} INFO -
--------------------------------------------------------------------------------
[2022-06-19 21:04:06,967] {taskinstance.py:1043} INFO - Starting attempt 1 of 3
[2022-06-19 21:04:06,967] {taskinstance.py:1044} INFO -
--------------------------------------------------------------------------------
[2022-06-19 21:04:06,976] {taskinstance.py:1063} INFO - Executing <Task(PythonOperator): task2> on 2022-06-19T21:04:01.563486+00:00
[2022-06-19 21:04:06,979] {standard_task_runner.py:52} INFO - Started process 521 to run task
[2022-06-19 21:04:06,987] {standard_task_runner.py:76} INFO - Running: ['airflow', 'tasks', 'run', 'marketvol', 'task2', '2022-06-19T21:04:01.563486+00:00', '--job-id', '4', '--pool', 'default_pool', '--raw', '--subdir', 'DAGS_FOLDER/trade_pipeline.py', '--cfg-path', '/tmp/tmpk5oleezy', '--error-file', '/tmp/tmpmtn5fba7']
[2022-06-19 21:04:06,987] {standard_task_runner.py:77} INFO - Job 4: Subtask task2
[2022-06-19 21:04:07,032] {logging_mixin.py:104} INFO - Running <TaskInstance: marketvol.task2 2022-06-19T21:04:01.563486+00:00 [running]> on host a7b2702dc1cc
[2022-06-19 21:04:07,050] {taskinstance.py:1255} INFO - Exporting the following env vars:
AIRFLOW_CTX_DAG_OWNER=airflow
AIRFLOW_CTX_DAG_ID=marketvol
AIRFLOW_CTX_TASK_ID=task2
AIRFLOW_CTX_EXECUTION_DATE=2022-06-19T21:04:01.563486+00:00
AIRFLOW_CTX_DAG_RUN_ID=manual__2022-06-19T21:04:01.563486+00:00
[2022-06-19 21:04:07,051] {logging_mixin.py:104} INFO - Downloading TSLA_data.csv to /opt/airflow/
[2022-06-19 21:04:07,210] {logging_mixin.py:104} INFO -
[*********************100%***********************]  1 of 1 completed
[2022-06-19 21:04:07,210] {logging_mixin.py:104} INFO -
[2022-06-19 21:04:07,222] {logging_mixin.py:104} INFO - Download complete!
[2022-06-19 21:04:07,222] {logging_mixin.py:104} INFO -
[2022-06-19 21:04:07,223] {python.py:118} INFO - Done. Returned value was: None
[2022-06-19 21:04:07,226] {taskinstance.py:1159} INFO - Marking task as SUCCESS. dag_id=marketvol, task_id=task2, execution_date=20220619T210401, start_date=20220619T210406, end_date=20220619T210407
[2022-06-19 21:04:07,261] {taskinstance.py:1220} INFO - 1 downstream tasks scheduled from follow-on schedule check
[2022-06-19 21:04:07,285] {local_task_job.py:146} INFO - Task exited with return code 0
