*** Reading local file: /opt/airflow/logs/marketvol/task5/2022-06-19T21:04:01.563486+00:00/1.log
[2022-06-19 21:04:12,788] {taskinstance.py:851} INFO - Dependencies all met for <TaskInstance: marketvol.task5 2022-06-19T21:04:01.563486+00:00 [queued]>
[2022-06-19 21:04:12,793] {taskinstance.py:851} INFO - Dependencies all met for <TaskInstance: marketvol.task5 2022-06-19T21:04:01.563486+00:00 [queued]>
[2022-06-19 21:04:12,793] {taskinstance.py:1042} INFO -
--------------------------------------------------------------------------------
[2022-06-19 21:04:12,793] {taskinstance.py:1043} INFO - Starting attempt 1 of 3
[2022-06-19 21:04:12,793] {taskinstance.py:1044} INFO -
--------------------------------------------------------------------------------
[2022-06-19 21:04:12,801] {taskinstance.py:1063} INFO - Executing <Task(PythonOperator): task5> on 2022-06-19T21:04:01.563486+00:00
[2022-06-19 21:04:12,804] {standard_task_runner.py:52} INFO - Started process 570 to run task
[2022-06-19 21:04:12,806] {standard_task_runner.py:76} INFO - Running: ['airflow', 'tasks', 'run', 'marketvol', 'task5', '2022-06-19T21:04:01.563486+00:00', '--job-id', '7', '--pool', 'default_pool', '--raw', '--subdir', 'DAGS_FOLDER/trade_pipeline.py', '--cfg-path', '/tmp/tmpovuaaqgk', '--error-file', '/tmp/tmpi8m_3gzc']
[2022-06-19 21:04:12,807] {standard_task_runner.py:77} INFO - Job 7: Subtask task5
[2022-06-19 21:04:12,829] {logging_mixin.py:104} INFO - Running <TaskInstance: marketvol.task5 2022-06-19T21:04:01.563486+00:00 [running]> on host a7b2702dc1cc
[2022-06-19 21:04:12,852] {taskinstance.py:1255} INFO - Exporting the following env vars:
AIRFLOW_CTX_DAG_OWNER=airflow
AIRFLOW_CTX_DAG_ID=marketvol
AIRFLOW_CTX_TASK_ID=task5
AIRFLOW_CTX_EXECUTION_DATE=2022-06-19T21:04:01.563486+00:00
AIRFLOW_CTX_DAG_RUN_ID=manual__2022-06-19T21:04:01.563486+00:00
[2022-06-19 21:04:12,860] {logging_mixin.py:104} INFO - Executing query: "total_vol = pd.DataFrame(df_aapl.Volume).join(df_tsla.Volume.rename('Vol2')).sum(axis=0)"
[2022-06-19 21:04:12,864] {python.py:118} INFO - Done. Returned value was: None
[2022-06-19 21:04:12,867] {taskinstance.py:1159} INFO - Marking task as SUCCESS. dag_id=marketvol, task_id=task5, execution_date=20220619T210401, start_date=20220619T210412, end_date=20220619T210412
[2022-06-19 21:04:12,877] {taskinstance.py:1220} INFO - 0 downstream tasks scheduled from follow-on schedule check
[2022-06-19 21:04:12,898] {local_task_job.py:146} INFO - Task exited with return code 0
