*** Reading local file: /opt/airflow/logs/marketvol/task0/2022-06-19T21:04:01.563486+00:00/1.log
[2022-06-19 21:04:03,393] {taskinstance.py:851} INFO - Dependencies all met for <TaskInstance: marketvol.task0 2022-06-19T21:04:01.563486+00:00 [queued]>
[2022-06-19 21:04:03,397] {taskinstance.py:851} INFO - Dependencies all met for <TaskInstance: marketvol.task0 2022-06-19T21:04:01.563486+00:00 [queued]>
[2022-06-19 21:04:03,397] {taskinstance.py:1042} INFO -
--------------------------------------------------------------------------------
[2022-06-19 21:04:03,397] {taskinstance.py:1043} INFO - Starting attempt 1 of 3
[2022-06-19 21:04:03,397] {taskinstance.py:1044} INFO -
--------------------------------------------------------------------------------
[2022-06-19 21:04:03,404] {taskinstance.py:1063} INFO - Executing <Task(BashOperator): task0> on 2022-06-19T21:04:01.563486+00:00
[2022-06-19 21:04:03,406] {standard_task_runner.py:52} INFO - Started process 483 to run task
[2022-06-19 21:04:03,409] {standard_task_runner.py:76} INFO - Running: ['airflow', 'tasks', 'run', 'marketvol', 'task0', '2022-06-19T21:04:01.563486+00:00', '--job-id', '2', '--pool', 'default_pool', '--raw', '--subdir', 'DAGS_FOLDER/trade_pipeline.py', '--cfg-path', '/tmp/tmpr7lwknkx', '--error-file', '/tmp/tmpancd5wze']
[2022-06-19 21:04:03,409] {standard_task_runner.py:77} INFO - Job 2: Subtask task0
[2022-06-19 21:04:03,428] {logging_mixin.py:104} INFO - Running <TaskInstance: marketvol.task0 2022-06-19T21:04:01.563486+00:00 [running]> on host a7b2702dc1cc
[2022-06-19 21:04:03,446] {taskinstance.py:1255} INFO - Exporting the following env vars:
AIRFLOW_CTX_DAG_OWNER=airflow
AIRFLOW_CTX_DAG_ID=marketvol
AIRFLOW_CTX_TASK_ID=task0
AIRFLOW_CTX_EXECUTION_DATE=2022-06-19T21:04:01.563486+00:00
AIRFLOW_CTX_DAG_RUN_ID=manual__2022-06-19T21:04:01.563486+00:00
[2022-06-19 21:04:03,446] {bash.py:135} INFO - Tmp dir root location:
 /tmp
[2022-06-19 21:04:03,447] {bash.py:158} INFO - Running command: mkdir -p /tmp/data/2022-06-19
[2022-06-19 21:04:03,452] {bash.py:169} INFO - Output:
[2022-06-19 21:04:03,453] {bash.py:177} INFO - Command exited with return code 0
[2022-06-19 21:04:03,465] {taskinstance.py:1159} INFO - Marking task as SUCCESS. dag_id=marketvol, task_id=task0, execution_date=20220619T210401, start_date=20220619T210403, end_date=20220619T210403
[2022-06-19 21:04:03,483] {taskinstance.py:1220} INFO - 2 downstream tasks scheduled from follow-on schedule check
[2022-06-19 21:04:03,500] {local_task_job.py:146} INFO - Task exited with return code 0
