*** Reading local file: /opt/airflow/logs/marketvol/task4/2022-06-19T21:04:01.563486+00:00/1.log
[2022-06-19 21:04:10,786] {taskinstance.py:851} INFO - Dependencies all met for <TaskInstance: marketvol.task4 2022-06-19T21:04:01.563486+00:00 [queued]>
[2022-06-19 21:04:10,794] {taskinstance.py:851} INFO - Dependencies all met for <TaskInstance: marketvol.task4 2022-06-19T21:04:01.563486+00:00 [queued]>
[2022-06-19 21:04:10,794] {taskinstance.py:1042} INFO -
--------------------------------------------------------------------------------
[2022-06-19 21:04:10,794] {taskinstance.py:1043} INFO - Starting attempt 1 of 3
[2022-06-19 21:04:10,794] {taskinstance.py:1044} INFO -
--------------------------------------------------------------------------------
[2022-06-19 21:04:10,803] {taskinstance.py:1063} INFO - Executing <Task(BashOperator): task4> on 2022-06-19T21:04:01.563486+00:00
[2022-06-19 21:04:10,805] {standard_task_runner.py:52} INFO - Started process 551 to run task
[2022-06-19 21:04:10,807] {standard_task_runner.py:76} INFO - Running: ['airflow', 'tasks', 'run', 'marketvol', 'task4', '2022-06-19T21:04:01.563486+00:00', '--job-id', '6', '--pool', 'default_pool', '--raw', '--subdir', 'DAGS_FOLDER/trade_pipeline.py', '--cfg-path', '/tmp/tmpgno0pgas', '--error-file', '/tmp/tmp0gskt0vk']
[2022-06-19 21:04:10,807] {standard_task_runner.py:77} INFO - Job 6: Subtask task4
[2022-06-19 21:04:10,826] {logging_mixin.py:104} INFO - Running <TaskInstance: marketvol.task4 2022-06-19T21:04:01.563486+00:00 [running]> on host a7b2702dc1cc
[2022-06-19 21:04:10,846] {taskinstance.py:1255} INFO - Exporting the following env vars:
AIRFLOW_CTX_DAG_OWNER=airflow
AIRFLOW_CTX_DAG_ID=marketvol
AIRFLOW_CTX_TASK_ID=task4
AIRFLOW_CTX_EXECUTION_DATE=2022-06-19T21:04:01.563486+00:00
AIRFLOW_CTX_DAG_RUN_ID=manual__2022-06-19T21:04:01.563486+00:00
[2022-06-19 21:04:10,847] {bash.py:135} INFO - Tmp dir root location:
 /tmp
[2022-06-19 21:04:10,847] {bash.py:158} INFO - Running command: mv /opt/airflow/TSLA_data.csv /tmp/data/2022-06-19
[2022-06-19 21:04:10,853] {bash.py:169} INFO - Output:
[2022-06-19 21:04:10,855] {bash.py:177} INFO - Command exited with return code 0
[2022-06-19 21:04:10,867] {taskinstance.py:1159} INFO - Marking task as SUCCESS. dag_id=marketvol, task_id=task4, execution_date=20220619T210401, start_date=20220619T210410, end_date=20220619T210410
[2022-06-19 21:04:10,884] {taskinstance.py:1220} INFO - 1 downstream tasks scheduled from follow-on schedule check
[2022-06-19 21:04:10,899] {local_task_job.py:146} INFO - Task exited with return code 0
